**********************
Windows PowerShell transcript start
Start time: 20260128081320
Username: DESKTOP-JT\jante
RunAs User: DESKTOP-JT\jante
Configuration Name: 
Machine: DESKTOP-JT (Microsoft Windows NT 10.0.22621.0)
Host Application: C:\WINDOWS\System32\WindowsPowerShell\v1.0\powershell.exe -NoProfile -ExecutionPolicy Bypass -File C:\Users\jante\bno-api\run-mews-sync.ps1
Process ID: 32244
PSVersion: 5.1.22621.4249
PSEdition: Desktop
PSCompatibleVersions: 1.0, 2.0, 3.0, 4.0, 5.0, 5.1.22621.4249
BuildVersion: 10.0.22621.4249
CLRVersion: 4.0.30319.42000
WSManStackVersion: 3.0
PSRemotingProtocolVersion: 2.3
SerializationVersion: 1.1.0.1
**********************
== RUN MEWS SYNC ==
Repo: C:\Users\jante\bno-api
MEWS_SYNC_DAYS_BACK=7  MEWS_SYNC_DAYS_AHEAD=180  DRY_RUN=

OK
**********************
Windows PowerShell transcript end
End time: 20260128082411
**********************
